app/build/intermediates/manifest_merge_blame_file/debug/processDebugMainManifest/manifest-merger-blame-debug-report.txt
1<?xml version="1.0" encoding="utf-8"?>
2<manifest xmlns:android="http://schemas.android.com/apk/res/android"
3    package="com.example.dbtest"
4    android:versionCode="1"
5    android:versionName="1.0" >
6
7    <uses-sdk
7-->INJECTED
8        android:minSdkVersion="26"
8-->INJECTED
9        android:targetSdkVersion="37" />
9-->INJECTED
10
11    <uses-permission android:name="android.permission.INTERNET" />
11-->src\main\AndroidManifest.xml:5:5-67
11-->src\main\AndroidManifest.xml:5:22-64
12    <uses-permission android:name="android.permission.ACCESS_NETWORK_STATE" />
12-->src\main\AndroidManifest.xml:6:5-79
12-->src\main\AndroidManifest.xml:6:22-76
13
14    <permission
14-->[androidx.core:core:1.19.0] AndroidManifest.xml:22:5-24:47
15        android:name="com.example.dbtest.DYNAMIC_RECEIVER_NOT_EXPORTED_PERMISSION"
15-->[androidx.core:core:1.19.0] AndroidManifest.xml:23:9-81
16        android:protectionLevel="signature" />
16-->[androidx.core:core:1.19.0] AndroidManifest.xml:24:9-44
17
18    <uses-permission android:name="com.example.dbtest.DYNAMIC_RECEIVER_NOT_EXPORTED_PERMISSION" />
18-->[androidx.core:core:1.19.0] AndroidManifest.xml:26:5-97
18-->[androidx.core:core:1.19.0] AndroidManifest.xml:26:22-94
19
20    <application
20-->src\main\AndroidManifest.xml:8:5-66:19
21        android:allowBackup="true"
21-->src\main\AndroidManifest.xml:9:9-35
22        android:appComponentFactory="androidx.core.app.CoreComponentFactory"
22-->[androidx.core:core:1.19.0] AndroidManifest.xml:28:18-86
23        android:dataExtractionRules="@xml/data_extraction_rules"
23-->src\main\AndroidManifest.xml:10:9-65
24        android:debuggable="true"
25        android:extractNativeLibs="false"
25-->INJECTED
26        android:fullBackupContent="@xml/backup_rules"
26-->src\main\AndroidManifest.xml:11:9-54
27        android:icon="@mipmap/ic_launcher"
27-->src\main\AndroidManifest.xml:12:9-43
28        android:label="@string/app_name"
28-->src\main\AndroidManifest.xml:13:9-41
29        android:roundIcon="@mipmap/ic_launcher_round"
29-->src\main\AndroidManifest.xml:14:9-54
30        android:supportsRtl="true"
30-->src\main\AndroidManifest.xml:15:9-35
31        android:testOnly="true"
32        android:theme="@style/Theme.Dbtest" >
32-->src\main\AndroidManifest.xml:16:9-44
33
34        <!-- LoginActivity: now the first screen that opens -->
35        <activity
35-->src\main\AndroidManifest.xml:19:9-27:20
36            android:name="com.example.dbtest.LoginActivity"
36-->src\main\AndroidManifest.xml:20:13-42
37            android:exported="true"
37-->src\main\AndroidManifest.xml:21:13-36
38            android:theme="@style/Theme.Dbtest" >
38-->src\main\AndroidManifest.xml:22:13-48
39            <intent-filter>
39-->src\main\AndroidManifest.xml:23:13-26:29
40                <action android:name="android.intent.action.MAIN" />
40-->src\main\AndroidManifest.xml:24:17-69
40-->src\main\AndroidManifest.xml:24:25-66
41
42                <category android:name="android.intent.category.LAUNCHER" />
42-->src\main\AndroidManifest.xml:25:17-77
42-->src\main\AndroidManifest.xml:25:27-74
43            </intent-filter>
44        </activity>
45        <activity
45-->src\main\AndroidManifest.xml:29:9-34:58
46            android:name="com.example.dbtest.MainActivity"
46-->src\main\AndroidManifest.xml:30:13-41
47            android:exported="false"
47-->src\main\AndroidManifest.xml:31:13-37
48            android:label="@string/app_name"
48-->src\main\AndroidManifest.xml:32:13-45
49            android:theme="@style/Theme.Dbtest"
49-->src\main\AndroidManifest.xml:33:13-48
50            android:windowSoftInputMode="adjustResize" />
50-->src\main\AndroidManifest.xml:34:13-55
51        <activity
51-->src\main\AndroidManifest.xml:36:9-39:51
52            android:name="com.example.dbtest.SignUpActivity"
52-->src\main\AndroidManifest.xml:37:13-43
53            android:exported="false"
53-->src\main\AndroidManifest.xml:38:13-37
54            android:theme="@style/Theme.Dbtest" />
54-->src\main\AndroidManifest.xml:39:13-48
55        <activity
55-->src\main\AndroidManifest.xml:41:9-44:51
56            android:name="com.example.dbtest.CampusMapActivity"
56-->src\main\AndroidManifest.xml:42:13-46
57            android:exported="false"
57-->src\main\AndroidManifest.xml:43:13-37
58            android:theme="@style/Theme.Dbtest" />
58-->src\main\AndroidManifest.xml:44:13-48
59        <activity
59-->src\main\AndroidManifest.xml:46:9-49:51
60            android:name="com.example.dbtest.ReservationActivity"
60-->src\main\AndroidManifest.xml:47:13-48
61            android:exported="false"
61-->src\main\AndroidManifest.xml:48:13-37
62            android:theme="@style/Theme.Dbtest" />
62-->src\main\AndroidManifest.xml:49:13-48
63        <activity
63-->src\main\AndroidManifest.xml:51:9-54:51
64            android:name="com.example.dbtest.Settings"
64-->src\main\AndroidManifest.xml:52:13-37
65            android:exported="false"
65-->src\main\AndroidManifest.xml:53:13-37
66            android:theme="@style/Theme.Dbtest" />
66-->src\main\AndroidManifest.xml:54:13-48
67        <activity
67-->src\main\AndroidManifest.xml:56:9-59:51
68            android:name="com.example.dbtest.ProfileInfo"
68-->src\main\AndroidManifest.xml:57:13-40
69            android:exported="false"
69-->src\main\AndroidManifest.xml:58:13-37
70            android:theme="@style/Theme.Dbtest" />
70-->src\main\AndroidManifest.xml:59:13-48
71        <activity
71-->src\main\AndroidManifest.xml:61:9-64:51
72            android:name="com.example.dbtest.EditProfile"
72-->src\main\AndroidManifest.xml:62:13-40
73            android:exported="false"
73-->src\main\AndroidManifest.xml:63:13-37
74            android:theme="@style/Theme.Dbtest" />
74-->src\main\AndroidManifest.xml:64:13-48
75        <activity
75-->[androidx.compose.ui:ui-tooling-android:1.10.4] AndroidManifest.xml:23:9-25:39
76            android:name="androidx.compose.ui.tooling.PreviewActivity"
76-->[androidx.compose.ui:ui-tooling-android:1.10.4] AndroidManifest.xml:24:13-71
77            android:exported="true" />
77-->[androidx.compose.ui:ui-tooling-android:1.10.4] AndroidManifest.xml:25:13-36
78
79        <service
79-->[com.google.firebase:firebase-database:22.0.1] AndroidManifest.xml:26:9-35:19
80            android:name="com.google.firebase.components.ComponentDiscoveryService"
80-->[com.google.firebase:firebase-database:22.0.1] AndroidManifest.xml:27:13-84
81            android:directBootAware="true"
81-->[com.google.firebase:firebase-common:22.2.0] AndroidManifest.xml:32:13-43
82            android:exported="false" >
82-->[com.google.firebase:firebase-database:22.0.1] AndroidManifest.xml:28:13-37
83            <meta-data
83-->[com.google.firebase:firebase-database:22.0.1] AndroidManifest.xml:29:13-31:85
84                android:name="com.google.firebase.components:com.google.firebase.database.FirebaseDatabaseKtxRegistrar"
84-->[com.google.firebase:firebase-database:22.0.1] AndroidManifest.xml:30:17-120
85                android:value="com.google.firebase.components.ComponentRegistrar" />
85-->[com.google.firebase:firebase-database:22.0.1] AndroidManifest.xml:31:17-82
86            <meta-data
86-->[com.google.firebase:firebase-database:22.0.1] AndroidManifest.xml:32:13-34:85
87                android:name="com.google.firebase.components:com.google.firebase.database.DatabaseRegistrar"
87-->[com.google.firebase:firebase-database:22.0.1] AndroidManifest.xml:33:17-109
88                android:value="com.google.firebase.components.ComponentRegistrar" />
88-->[com.google.firebase:firebase-database:22.0.1] AndroidManifest.xml:34:17-82
89            <meta-data
89-->[com.google.firebase:firebase-common:22.2.0] AndroidManifest.xml:35:13-37:85
90                android:name="com.google.firebase.components:com.google.firebase.FirebaseCommonKtxRegistrar"
90-->[com.google.firebase:firebase-common:22.2.0] AndroidManifest.xml:36:17-109
91                android:value="com.google.firebase.components.ComponentRegistrar" />
91-->[com.google.firebase:firebase-common:22.2.0] AndroidManifest.xml:37:17-82
92        </service>
93
94        <activity
94-->[com.google.android.gms:play-services-base:18.1.0] AndroidManifest.xml:20:9-22:45
95            android:name="com.google.android.gms.common.api.GoogleApiActivity"
95-->[com.google.android.gms:play-services-base:18.1.0] AndroidManifest.xml:20:19-85
96            android:exported="false"
96-->[com.google.android.gms:play-services-base:18.1.0] AndroidManifest.xml:22:19-43
97            android:theme="@android:style/Theme.Translucent.NoTitleBar" />
97-->[com.google.android.gms:play-services-base:18.1.0] AndroidManifest.xml:21:19-78
98
99        <provider
99-->[com.google.firebase:firebase-common:22.2.0] AndroidManifest.xml:23:9-28:39
100            android:name="com.google.firebase.provider.FirebaseInitProvider"
100-->[com.google.firebase:firebase-common:22.2.0] AndroidManifest.xml:24:13-77
101            android:authorities="com.example.dbtest.firebaseinitprovider"
101-->[com.google.firebase:firebase-common:22.2.0] AndroidManifest.xml:25:13-72
102            android:directBootAware="true"
102-->[com.google.firebase:firebase-common:22.2.0] AndroidManifest.xml:26:13-43
103            android:exported="false"
103-->[com.google.firebase:firebase-common:22.2.0] AndroidManifest.xml:27:13-37
104            android:initOrder="100" />
104-->[com.google.firebase:firebase-common:22.2.0] AndroidManifest.xml:28:13-36
105        <provider
105-->[androidx.emoji2:emoji2:1.4.0] AndroidManifest.xml:24:9-32:20
106            android:name="androidx.startup.InitializationProvider"
106-->[androidx.emoji2:emoji2:1.4.0] AndroidManifest.xml:25:13-67
107            android:authorities="com.example.dbtest.androidx-startup"
107-->[androidx.emoji2:emoji2:1.4.0] AndroidManifest.xml:26:13-68
108            android:exported="false" >
108-->[androidx.emoji2:emoji2:1.4.0] AndroidManifest.xml:27:13-37
109            <meta-data
109-->[androidx.emoji2:emoji2:1.4.0] AndroidManifest.xml:29:13-31:52
110                android:name="androidx.emoji2.text.EmojiCompatInitializer"
110-->[androidx.emoji2:emoji2:1.4.0] AndroidManifest.xml:30:17-75
111                android:value="androidx.startup" />
111-->[androidx.emoji2:emoji2:1.4.0] AndroidManifest.xml:31:17-49
112            <meta-data
112-->[androidx.lifecycle:lifecycle-process:2.11.0] AndroidManifest.xml:29:13-31:52
113                android:name="androidx.lifecycle.ProcessLifecycleInitializer"
113-->[androidx.lifecycle:lifecycle-process:2.11.0] AndroidManifest.xml:30:17-78
114                android:value="androidx.startup" />
114-->[androidx.lifecycle:lifecycle-process:2.11.0] AndroidManifest.xml:31:17-49
115            <meta-data
115-->[androidx.profileinstaller:profileinstaller:1.4.0] AndroidManifest.xml:29:13-31:52
116                android:name="androidx.profileinstaller.ProfileInstallerInitializer"
116-->[androidx.profileinstaller:profileinstaller:1.4.0] AndroidManifest.xml:30:17-85
117                android:value="androidx.startup" />
117-->[androidx.profileinstaller:profileinstaller:1.4.0] AndroidManifest.xml:31:17-49
118        </provider>
119
120        <uses-library
120-->[androidx.window:window:1.5.0] AndroidManifest.xml:23:9-25:40
121            android:name="androidx.window.extensions"
121-->[androidx.window:window:1.5.0] AndroidManifest.xml:24:13-54
122            android:required="false" />
122-->[androidx.window:window:1.5.0] AndroidManifest.xml:25:13-37
123        <uses-library
123-->[androidx.window:window:1.5.0] AndroidManifest.xml:26:9-28:40
124            android:name="androidx.window.sidecar"
124-->[androidx.window:window:1.5.0] AndroidManifest.xml:27:13-51
125            android:required="false" />
125-->[androidx.window:window:1.5.0] AndroidManifest.xml:28:13-37
126
127        <receiver
127-->[androidx.profileinstaller:profileinstaller:1.4.0] AndroidManifest.xml:34:9-52:20
128            android:name="androidx.profileinstaller.ProfileInstallReceiver"
128-->[androidx.profileinstaller:profileinstaller:1.4.0] AndroidManifest.xml:35:13-76
129            android:directBootAware="false"
129-->[androidx.profileinstaller:profileinstaller:1.4.0] AndroidManifest.xml:36:13-44
130            android:enabled="true"
130-->[androidx.profileinstaller:profileinstaller:1.4.0] AndroidManifest.xml:37:13-35
131            android:exported="true"
131-->[androidx.profileinstaller:profileinstaller:1.4.0] AndroidManifest.xml:38:13-36
132            android:permission="android.permission.DUMP" >
132-->[androidx.profileinstaller:profileinstaller:1.4.0] AndroidManifest.xml:39:13-57
133            <intent-filter>
133-->[androidx.profileinstaller:profileinstaller:1.4.0] AndroidManifest.xml:40:13-42:29
134                <action android:name="androidx.profileinstaller.action.INSTALL_PROFILE" />
134-->[androidx.profileinstaller:profileinstaller:1.4.0] AndroidManifest.xml:41:17-91
134-->[androidx.profileinstaller:profileinstaller:1.4.0] AndroidManifest.xml:41:25-88
135            </intent-filter>
136            <intent-filter>
136-->[androidx.profileinstaller:profileinstaller:1.4.0] AndroidManifest.xml:43:13-45:29
137                <action android:name="androidx.profileinstaller.action.SKIP_FILE" />
137-->[androidx.profileinstaller:profileinstaller:1.4.0] AndroidManifest.xml:44:17-85
137-->[androidx.profileinstaller:profileinstaller:1.4.0] AndroidManifest.xml:44:25-82
138            </intent-filter>
139            <intent-filter>
139-->[androidx.profileinstaller:profileinstaller:1.4.0] AndroidManifest.xml:46:13-48:29
140                <action android:name="androidx.profileinstaller.action.SAVE_PROFILE" />
140-->[androidx.profileinstaller:profileinstaller:1.4.0] AndroidManifest.xml:47:17-88
140-->[androidx.profileinstaller:profileinstaller:1.4.0] AndroidManifest.xml:47:25-85
141            </intent-filter>
142            <intent-filter>
142-->[androidx.profileinstaller:profileinstaller:1.4.0] AndroidManifest.xml:49:13-51:29
143                <action android:name="androidx.profileinstaller.action.BENCHMARK_OPERATION" />
143-->[androidx.profileinstaller:profileinstaller:1.4.0] AndroidManifest.xml:50:17-95
143-->[androidx.profileinstaller:profileinstaller:1.4.0] AndroidManifest.xml:50:25-92
144            </intent-filter>
145        </receiver>
146
147        <meta-data
147-->[com.google.android.gms:play-services-basement:18.9.0] AndroidManifest.xml:21:9-23:69
148            android:name="com.google.android.gms.version"
148-->[com.google.android.gms:play-services-basement:18.9.0] AndroidManifest.xml:22:13-58
149            android:value="@integer/google_play_services_version" />
149-->[com.google.android.gms:play-services-basement:18.9.0] AndroidManifest.xml:23:13-66
150
151        <activity
151-->[androidx.compose.ui:ui-test-manifest:1.10.4] AndroidManifest.xml:23:9-26:79
152            android:name="androidx.activity.ComponentActivity"
152-->[androidx.compose.ui:ui-test-manifest:1.10.4] AndroidManifest.xml:24:13-63
153            android:exported="true"
153-->[androidx.compose.ui:ui-test-manifest:1.10.4] AndroidManifest.xml:25:13-36
154            android:theme="@android:style/Theme.Material.Light.NoActionBar" />
154-->[androidx.compose.ui:ui-test-manifest:1.10.4] AndroidManifest.xml:26:13-76
155    </application>
156
157</manifest>